<?xml version="1.0" encoding="UTF-8"?>
<!-- Generated by org.testng.reporters.JUnitReportReporter -->
<testsuite skipped="0" hostname="LAPTOP-N43QMCDA" name="com.whiteboxframework.testCases.TC_HomePage002" tests="1" failures="0" timestamp="03 Feb 2020 04:56:10 GMT" time="5.719" errors="0">
  <testcase name="HomePage" time="5.719" classname="com.whiteboxframework.testCases.TC_HomePage002"/>
</testsuite> <!-- com.whiteboxframework.testCases.TC_HomePage002 -->
