<?xml version="1.0" encoding="UTF-8"?>
<!-- Generated by org.testng.reporters.JUnitReportReporter -->
<testsuite skipped="0" hostname="LAPTOP-N43QMCDA" name="com.whiteboxframework.testCases.TC_LoginTest001" tests="1" failures="0" timestamp="03 Feb 2020 05:12:09 GMT" time="11.305" errors="0">
  <testcase name="loginTest" time="11.305" classname="com.whiteboxframework.testCases.TC_LoginTest001"/>
</testsuite> <!-- com.whiteboxframework.testCases.TC_LoginTest001 -->
