<?xml version="1.0" encoding="UTF-8"?>
<!-- Generated by org.testng.reporters.JUnitReportReporter -->
<testsuite skipped="0" hostname="LAPTOP-N43QMCDA" name="com.whiteboxframework.testCases.TC_SchedulePageTest003" tests="1" failures="0" timestamp="03 Feb 2020 05:11:03 GMT" time="5.706" errors="0">
  <testcase name="SchedulePage" time="5.706" classname="com.whiteboxframework.testCases.TC_SchedulePageTest003"/>
</testsuite> <!-- com.whiteboxframework.testCases.TC_SchedulePageTest003 -->
